\BOOKMARK [0][-]{chapter.1}{\376\377\0001\000\040\000P\000a\000g\000e\000\040\000p\000r\000i\000n\000c\000i\000p\000a\000l\000e}{}% 1
\BOOKMARK [0][-]{chapter.2}{\376\377\0002\000\040\000I\000n\000d\000e\000x\000\040\000d\000e\000s\000\040\000s\000t\000r\000u\000c\000t\000u\000r\000e\000s\000\040\000d\000e\000\040\000d\000o\000n\000n\000\351\000e\000s}{}% 2
\BOOKMARK [1][-]{section.2.1}{\376\377\0002\000.\0001\000\040\000S\000t\000r\000u\000c\000t\000u\000r\000e\000s\000\040\000d\000e\000\040\000d\000o\000n\000n\000\351\000e\000s}{chapter.2}% 3
\BOOKMARK [0][-]{chapter.3}{\376\377\0003\000\040\000I\000n\000d\000e\000x\000\040\000d\000e\000s\000\040\000f\000i\000c\000h\000i\000e\000r\000s}{}% 4
\BOOKMARK [1][-]{section.3.1}{\376\377\0003\000.\0001\000\040\000L\000i\000s\000t\000e\000\040\000d\000e\000s\000\040\000f\000i\000c\000h\000i\000e\000r\000s}{chapter.3}% 5
\BOOKMARK [0][-]{chapter.4}{\376\377\0004\000\040\000D\000o\000c\000u\000m\000e\000n\000t\000a\000t\000i\000o\000n\000\040\000d\000e\000s\000\040\000s\000t\000r\000u\000c\000t\000u\000r\000e\000s\000\040\000d\000e\000\040\000d\000o\000n\000n\000\351\000e\000s}{}% 6
\BOOKMARK [1][-]{section.4.1}{\376\377\0004\000.\0001\000\040\000R\000\351\000f\000\351\000r\000e\000n\000c\000e\000\040\000d\000e\000\040\000l\000a\000\040\000s\000t\000r\000u\000c\000t\000u\000r\000e\000\040\000c\000e\000l\000l}{chapter.4}% 7
\BOOKMARK [2][-]{subsection.4.1.1}{\376\377\0004\000.\0001\000.\0001\000\040\000D\000e\000s\000c\000r\000i\000p\000t\000i\000o\000n\000\040\000d\000\351\000t\000a\000i\000l\000l\000\351\000e}{section.4.1}% 8
\BOOKMARK [2][-]{subsection.4.1.2}{\376\377\0004\000.\0001\000.\0002\000\040\000D\000o\000c\000u\000m\000e\000n\000t\000a\000t\000i\000o\000n\000\040\000d\000e\000s\000\040\000c\000h\000a\000m\000p\000s}{section.4.1}% 9
\BOOKMARK [3][-]{subsubsection.4.1.2.1}{\376\377\0004\000.\0001\000.\0002\000.\0001\000\040\000b\000o\000n\000u\000s}{subsection.4.1.2}% 10
\BOOKMARK [3][-]{subsubsection.4.1.2.2}{\376\377\0004\000.\0001\000.\0002\000.\0002\000\040\000c\000h\000a\000r\000a\000c\000t\000e\000r}{subsection.4.1.2}% 11
\BOOKMARK [3][-]{subsubsection.4.1.2.3}{\376\377\0004\000.\0001\000.\0002\000.\0003\000\040\000p\000o\000i\000n\000t}{subsection.4.1.2}% 12
\BOOKMARK [3][-]{subsubsection.4.1.2.4}{\376\377\0004\000.\0001\000.\0002\000.\0004\000\040\000v\000i\000s\000i\000t\000e\000d}{subsection.4.1.2}% 13
\BOOKMARK [1][-]{section.4.2}{\376\377\0004\000.\0002\000\040\000R\000\351\000f\000\351\000r\000e\000n\000c\000e\000\040\000d\000e\000\040\000l\000a\000\040\000s\000t\000r\000u\000c\000t\000u\000r\000e\000\040\000c\000o\000o\000r\000d}{chapter.4}% 14
\BOOKMARK [2][-]{subsection.4.2.1}{\376\377\0004\000.\0002\000.\0001\000\040\000D\000e\000s\000c\000r\000i\000p\000t\000i\000o\000n\000\040\000d\000\351\000t\000a\000i\000l\000l\000\351\000e}{section.4.2}% 15
\BOOKMARK [2][-]{subsection.4.2.2}{\376\377\0004\000.\0002\000.\0002\000\040\000D\000o\000c\000u\000m\000e\000n\000t\000a\000t\000i\000o\000n\000\040\000d\000e\000s\000\040\000c\000h\000a\000m\000p\000s}{section.4.2}% 16
\BOOKMARK [3][-]{subsubsection.4.2.2.1}{\376\377\0004\000.\0002\000.\0002\000.\0001\000\040\000x}{subsection.4.2.2}% 17
\BOOKMARK [3][-]{subsubsection.4.2.2.2}{\376\377\0004\000.\0002\000.\0002\000.\0002\000\040\000y}{subsection.4.2.2}% 18
\BOOKMARK [1][-]{section.4.3}{\376\377\0004\000.\0003\000\040\000R\000\351\000f\000\351\000r\000e\000n\000c\000e\000\040\000d\000e\000\040\000l\000a\000\040\000s\000t\000r\000u\000c\000t\000u\000r\000e\000\040\000e\000l\000e\000m\000e\000n\000t}{chapter.4}% 19
\BOOKMARK [2][-]{subsection.4.3.1}{\376\377\0004\000.\0003\000.\0001\000\040\000D\000e\000s\000c\000r\000i\000p\000t\000i\000o\000n\000\040\000d\000\351\000t\000a\000i\000l\000l\000\351\000e}{section.4.3}% 20
\BOOKMARK [2][-]{subsection.4.3.2}{\376\377\0004\000.\0003\000.\0002\000\040\000D\000o\000c\000u\000m\000e\000n\000t\000a\000t\000i\000o\000n\000\040\000d\000e\000s\000\040\000c\000h\000a\000m\000p\000s}{section.4.3}% 21
\BOOKMARK [3][-]{subsubsection.4.3.2.1}{\376\377\0004\000.\0003\000.\0002\000.\0001\000\040\000p\000r\000e\000d}{subsection.4.3.2}% 22
\BOOKMARK [3][-]{subsubsection.4.3.2.2}{\376\377\0004\000.\0003\000.\0002\000.\0002\000\040\000s\000c\000o\000r\000e}{subsection.4.3.2}% 23
\BOOKMARK [3][-]{subsubsection.4.3.2.3}{\376\377\0004\000.\0003\000.\0002\000.\0003\000\040\000s\000u\000c\000c}{subsection.4.3.2}% 24
\BOOKMARK [3][-]{subsubsection.4.3.2.4}{\376\377\0004\000.\0003\000.\0002\000.\0004\000\040\000w\000o\000r\000d}{subsection.4.3.2}% 25
\BOOKMARK [1][-]{section.4.4}{\376\377\0004\000.\0004\000\040\000R\000\351\000f\000\351\000r\000e\000n\000c\000e\000\040\000d\000e\000\040\000l\000a\000\040\000s\000t\000r\000u\000c\000t\000u\000r\000e\000\040\000t\000\137\000s\000c\000o\000r\000e}{chapter.4}% 26
\BOOKMARK [2][-]{subsection.4.4.1}{\376\377\0004\000.\0004\000.\0001\000\040\000D\000e\000s\000c\000r\000i\000p\000t\000i\000o\000n\000\040\000d\000\351\000t\000a\000i\000l\000l\000\351\000e}{section.4.4}% 27
\BOOKMARK [2][-]{subsection.4.4.2}{\376\377\0004\000.\0004\000.\0002\000\040\000D\000o\000c\000u\000m\000e\000n\000t\000a\000t\000i\000o\000n\000\040\000d\000e\000s\000\040\000c\000h\000a\000m\000p\000s}{section.4.4}% 28
\BOOKMARK [3][-]{subsubsection.4.4.2.1}{\376\377\0004\000.\0004\000.\0002\000.\0001\000\040\000m\000u\000l\000t\000i}{subsection.4.4.2}% 29
\BOOKMARK [3][-]{subsubsection.4.4.2.2}{\376\377\0004\000.\0004\000.\0002\000.\0002\000\040\000p\000o\000i\000n\000t}{subsection.4.4.2}% 30
\BOOKMARK [0][-]{chapter.5}{\376\377\0005\000\040\000D\000o\000c\000u\000m\000e\000n\000t\000a\000t\000i\000o\000n\000\040\000d\000e\000s\000\040\000f\000i\000c\000h\000i\000e\000r\000s}{}% 31
\BOOKMARK [1][-]{section.5.1}{\376\377\0005\000.\0001\000\040\000R\000\351\000f\000\351\000r\000e\000n\000c\000e\000\040\000d\000u\000\040\000f\000i\000c\000h\000i\000e\000r\000\040\000l\000i\000s\000t\000e\000.\000c}{chapter.5}% 32
\BOOKMARK [2][-]{subsection.5.1.1}{\376\377\0005\000.\0001\000.\0001\000\040\000D\000e\000s\000c\000r\000i\000p\000t\000i\000o\000n\000\040\000d\000\351\000t\000a\000i\000l\000l\000\351\000e}{section.5.1}% 33
\BOOKMARK [2][-]{subsection.5.1.2}{\376\377\0005\000.\0001\000.\0002\000\040\000D\000o\000c\000u\000m\000e\000n\000t\000a\000t\000i\000o\000n\000\040\000d\000e\000s\000\040\000d\000\351\000f\000i\000n\000i\000t\000i\000o\000n\000s\000\040\000d\000e\000\040\000t\000y\000p\000e}{section.5.1}% 34
\BOOKMARK [3][-]{subsubsection.5.1.2.1}{\376\377\0005\000.\0001\000.\0002\000.\0001\000\040\000t\000\137\000e\000l\000e\000m\000e\000n\000t}{subsection.5.1.2}% 35
\BOOKMARK [2][-]{subsection.5.1.3}{\376\377\0005\000.\0001\000.\0003\000\040\000D\000o\000c\000u\000m\000e\000n\000t\000a\000t\000i\000o\000n\000\040\000d\000e\000s\000\040\000f\000o\000n\000c\000t\000i\000o\000n\000s}{section.5.1}% 36
\BOOKMARK [3][-]{subsubsection.5.1.3.1}{\376\377\0005\000.\0001\000.\0003\000.\0001\000\040\000a\000j\000o\000u\000t\000\137\000d\000r\000o\000i\000t\000\050\000c\000h\000a\000r\000\040\000i\000n\000W\000o\000r\000d\000,\000\040\000i\000n\000t\000\040\000s\000c\000o\000r\000e\000\051}{subsection.5.1.3}% 37
\BOOKMARK [3][-]{subsubsection.5.1.3.2}{\376\377\0005\000.\0001\000.\0003\000.\0002\000\040\000a\000j\000o\000u\000t\000\137\000g\000a\000u\000c\000h\000e\000\050\000c\000h\000a\000r\000\040\000i\000n\000W\000o\000r\000d\000,\000\040\000i\000n\000t\000\040\000s\000c\000o\000r\000e\000\051}{subsection.5.1.3}% 38
\BOOKMARK [3][-]{subsubsection.5.1.3.3}{\376\377\0005\000.\0001\000.\0003\000.\0003\000\040\000e\000n\000\137\000q\000u\000e\000u\000e\000\050\000v\000o\000i\000d\000\051}{subsection.5.1.3}% 39
\BOOKMARK [3][-]{subsubsection.5.1.3.4}{\376\377\0005\000.\0001\000.\0003\000.\0004\000\040\000e\000n\000\137\000t\000e\000t\000e\000\050\000v\000o\000i\000d\000\051}{subsection.5.1.3}% 40
\BOOKMARK [3][-]{subsubsection.5.1.3.5}{\376\377\0005\000.\0001\000.\0003\000.\0005\000\040\000h\000o\000r\000s\000\137\000l\000i\000s\000t\000e\000\050\000v\000o\000i\000d\000\051}{subsection.5.1.3}% 41
\BOOKMARK [3][-]{subsubsection.5.1.3.6}{\376\377\0005\000.\0001\000.\0003\000.\0006\000\040\000i\000n\000i\000t\000\137\000l\000i\000s\000t\000e\000\050\000v\000o\000i\000d\000\051}{subsection.5.1.3}% 42
\BOOKMARK [3][-]{subsubsection.5.1.3.7}{\376\377\0005\000.\0001\000.\0003\000.\0007\000\040\000l\000i\000s\000t\000e\000\137\000v\000i\000d\000e\000\050\000v\000o\000i\000d\000\051}{subsection.5.1.3}% 43
\BOOKMARK [3][-]{subsubsection.5.1.3.8}{\376\377\0005\000.\0001\000.\0003\000.\0008\000\040\000s\000u\000i\000v\000a\000n\000t\000\050\000v\000o\000i\000d\000\051}{subsection.5.1.3}% 44
\BOOKMARK [3][-]{subsubsection.5.1.3.9}{\376\377\0005\000.\0001\000.\0003\000.\0009\000\040\000v\000a\000l\000e\000u\000r\000\137\000e\000l\000t\000\050\000c\000h\000a\000r\000\040\000m\000o\000t\000[\0002\0000\000]\000,\000\040\000i\000n\000t\000\040\000s\000c\000o\000r\000e\000\051}{subsection.5.1.3}% 45
\BOOKMARK [2][-]{subsection.5.1.4}{\376\377\0005\000.\0001\000.\0004\000\040\000D\000o\000c\000u\000m\000e\000n\000t\000a\000t\000i\000o\000n\000\040\000d\000e\000s\000\040\000v\000a\000r\000i\000a\000b\000l\000e\000s}{section.5.1}% 46
\BOOKMARK [3][-]{subsubsection.5.1.4.1}{\376\377\0005\000.\0001\000.\0004\000.\0001\000\040\000d\000r\000a\000p\000e\000a\000u}{subsection.5.1.4}% 47
\BOOKMARK [3][-]{subsubsection.5.1.4.2}{\376\377\0005\000.\0001\000.\0004\000.\0002\000\040\000e\000c}{subsection.5.1.4}% 48
\BOOKMARK [1][-]{section.5.2}{\376\377\0005\000.\0002\000\040\000R\000\351\000f\000\351\000r\000e\000n\000c\000e\000\040\000d\000u\000\040\000f\000i\000c\000h\000i\000e\000r\000\040\000l\000i\000s\000t\000e\000.\000h}{chapter.5}% 49
\BOOKMARK [2][-]{subsection.5.2.1}{\376\377\0005\000.\0002\000.\0001\000\040\000D\000o\000c\000u\000m\000e\000n\000t\000a\000t\000i\000o\000n\000\040\000d\000e\000s\000\040\000f\000o\000n\000c\000t\000i\000o\000n\000s}{section.5.2}% 50
\BOOKMARK [3][-]{subsubsection.5.2.1.1}{\376\377\0005\000.\0002\000.\0001\000.\0001\000\040\000a\000j\000o\000u\000t\000\137\000d\000r\000o\000i\000t\000\050\000c\000h\000a\000r\000\040\000,\000\040\000i\000n\000t\000\051}{subsection.5.2.1}% 51
\BOOKMARK [3][-]{subsubsection.5.2.1.2}{\376\377\0005\000.\0002\000.\0001\000.\0002\000\040\000a\000j\000o\000u\000t\000\137\000g\000a\000u\000c\000h\000e\000\050\000c\000h\000a\000r\000\040\000,\000\040\000i\000n\000t\000\051}{subsection.5.2.1}% 52
\BOOKMARK [3][-]{subsubsection.5.2.1.3}{\376\377\0005\000.\0002\000.\0001\000.\0003\000\040\000e\000n\000\137\000q\000u\000e\000u\000e\000\050\000v\000o\000i\000d\000\051}{subsection.5.2.1}% 53
\BOOKMARK [3][-]{subsubsection.5.2.1.4}{\376\377\0005\000.\0002\000.\0001\000.\0004\000\040\000e\000n\000\137\000t\000e\000t\000e\000\050\000v\000o\000i\000d\000\051}{subsection.5.2.1}% 54
\BOOKMARK [3][-]{subsubsection.5.2.1.5}{\376\377\0005\000.\0002\000.\0001\000.\0005\000\040\000h\000o\000r\000s\000\137\000l\000i\000s\000t\000e\000\050\000v\000o\000i\000d\000\051}{subsection.5.2.1}% 55
\BOOKMARK [3][-]{subsubsection.5.2.1.6}{\376\377\0005\000.\0002\000.\0001\000.\0006\000\040\000i\000n\000i\000t\000\137\000l\000i\000s\000t\000e\000\050\000v\000o\000i\000d\000\051}{subsection.5.2.1}% 56
\BOOKMARK [3][-]{subsubsection.5.2.1.7}{\376\377\0005\000.\0002\000.\0001\000.\0007\000\040\000l\000i\000s\000t\000e\000\137\000v\000i\000d\000e\000\050\000v\000o\000i\000d\000\051}{subsection.5.2.1}% 57
\BOOKMARK [3][-]{subsubsection.5.2.1.8}{\376\377\0005\000.\0002\000.\0001\000.\0008\000\040\000s\000u\000i\000v\000a\000n\000t\000\050\000v\000o\000i\000d\000\051}{subsection.5.2.1}% 58
\BOOKMARK [3][-]{subsubsection.5.2.1.9}{\376\377\0005\000.\0002\000.\0001\000.\0009\000\040\000v\000a\000l\000e\000u\000r\000\137\000e\000l\000t\000\050\000c\000h\000a\000r\000[\000]\000,\000\040\000i\000n\000t\000\040\000\051}{subsection.5.2.1}% 59
\BOOKMARK [1][-]{section.5.3}{\376\377\0005\000.\0003\000\040\000R\000\351\000f\000\351\000r\000e\000n\000c\000e\000\040\000d\000u\000\040\000f\000i\000c\000h\000i\000e\000r\000\040\000m\000a\000i\000n\000.\000c}{chapter.5}% 60
\BOOKMARK [2][-]{subsection.5.3.1}{\376\377\0005\000.\0003\000.\0001\000\040\000D\000e\000s\000c\000r\000i\000p\000t\000i\000o\000n\000\040\000d\000\351\000t\000a\000i\000l\000l\000\351\000e}{section.5.3}% 61
\BOOKMARK [2][-]{subsection.5.3.2}{\376\377\0005\000.\0003\000.\0002\000\040\000D\000o\000c\000u\000m\000e\000n\000t\000a\000t\000i\000o\000n\000\040\000d\000e\000s\000\040\000m\000a\000c\000r\000o\000s}{section.5.3}% 62
\BOOKMARK [3][-]{subsubsection.5.3.2.1}{\376\377\0005\000.\0003\000.\0002\000.\0001\000\040\000N}{subsection.5.3.2}% 63
\BOOKMARK [2][-]{subsection.5.3.3}{\376\377\0005\000.\0003\000.\0003\000\040\000D\000o\000c\000u\000m\000e\000n\000t\000a\000t\000i\000o\000n\000\040\000d\000e\000s\000\040\000f\000o\000n\000c\000t\000i\000o\000n\000s}{section.5.3}% 64
\BOOKMARK [3][-]{subsubsection.5.3.3.1}{\376\377\0005\000.\0003\000.\0003\000.\0001\000\040\000m\000a\000i\000n\000\050\000i\000n\000t\000\040\000a\000r\000g\000c\000,\000\040\000c\000h\000a\000r\000\040\000a\000r\000g\000v\000[\000]\000\051}{subsection.5.3.3}% 65
\BOOKMARK [1][-]{section.5.4}{\376\377\0005\000.\0004\000\040\000R\000\351\000f\000\351\000r\000e\000n\000c\000e\000\040\000d\000u\000\040\000f\000i\000c\000h\000i\000e\000r\000\040\000R\000E\000A\000D\000M\000E\000.\000m\000d}{chapter.5}% 66
\BOOKMARK [1][-]{section.5.5}{\376\377\0005\000.\0005\000\040\000R\000\351\000f\000\351\000r\000e\000n\000c\000e\000\040\000d\000u\000\040\000f\000i\000c\000h\000i\000e\000r\000\040\000r\000u\000z\000z\000l\000e\000.\000c}{chapter.5}% 67
\BOOKMARK [2][-]{subsection.5.5.1}{\376\377\0005\000.\0005\000.\0001\000\040\000D\000e\000s\000c\000r\000i\000p\000t\000i\000o\000n\000\040\000d\000\351\000t\000a\000i\000l\000l\000\351\000e}{section.5.5}% 68
\BOOKMARK [2][-]{subsection.5.5.2}{\376\377\0005\000.\0005\000.\0002\000\040\000D\000o\000c\000u\000m\000e\000n\000t\000a\000t\000i\000o\000n\000\040\000d\000e\000s\000\040\000f\000o\000n\000c\000t\000i\000o\000n\000s}{section.5.5}% 69
\BOOKMARK [3][-]{subsubsection.5.5.2.1}{\376\377\0005\000.\0005\000.\0002\000.\0001\000\040\000a\000d\000d\000\137\000s\000c\000o\000r\000e\000\050\000c\000e\000l\000l\000\040\000r\000u\000z\000z\000l\000e\000[\000N\000]\000[\000N\000]\000,\000\040\000c\000o\000o\000r\000d\000\040\000p\000o\000s\000,\000\040\000t\000\137\000s\000c\000o\000r\000e\000\040\000s\000c\000o\000r\000e\000\051}{subsection.5.5.2}% 70
\BOOKMARK [3][-]{subsubsection.5.5.2.2}{\376\377\0005\000.\0005\000.\0002\000.\0002\000\040\000a\000d\000d\000\137\000w\000o\000r\000d\000\050\000c\000h\000a\000r\000\040\000m\000o\000t\000,\000\040\000i\000n\000t\000\040\000s\000c\000o\000r\000e\000\051}{subsection.5.5.2}% 71
\BOOKMARK [3][-]{subsubsection.5.5.2.3}{\376\377\0005\000.\0005\000.\0002\000.\0003\000\040\000c\000r\000e\000a\000t\000e\000\137\000n\000e\000w\000\137\000d\000i\000c\000o\000\050\000c\000e\000l\000l\000\040\000r\000u\000z\000z\000l\000e\000[\000N\000]\000[\000N\000]\000,\000\040\000F\000I\000L\000E\000\040\000d\000i\000c\000o\000\051}{subsection.5.5.2}% 72
\BOOKMARK [3][-]{subsubsection.5.5.2.4}{\376\377\0005\000.\0005\000.\0002\000.\0004\000\040\000f\000i\000n\000d\000\137\000l\000e\000t\000t\000e\000r\000\050\000c\000h\000a\000r\000\040\000c\000,\000\040\000c\000o\000o\000r\000d\000\040\000p\000o\000s\000,\000\040\000c\000e\000l\000l\000\040\000r\000u\000z\000z\000l\000e\000[\000N\000]\000[\000N\000]\000\051}{subsection.5.5.2}% 73
\BOOKMARK [3][-]{subsubsection.5.5.2.5}{\376\377\0005\000.\0005\000.\0002\000.\0005\000\040\000f\000i\000n\000d\000\137\000w\000o\000r\000d\000\050\000c\000e\000l\000l\000\040\000r\000u\000z\000z\000l\000e\000[\000N\000]\000[\000N\000]\000,\000\040\000c\000h\000a\000r\000\040\000m\000o\000t\000[\000]\000\051}{subsection.5.5.2}% 74
\BOOKMARK [3][-]{subsubsection.5.5.2.6}{\376\377\0005\000.\0005\000.\0002\000.\0006\000\040\000i\000n\000i\000t\000\050\000c\000h\000a\000r\000\040\000e\000n\000t\000r\000e\000e\000[\000]\000,\000\040\000c\000e\000l\000l\000\040\000s\000o\000r\000t\000i\000e\000[\000N\000]\000[\000N\000]\000,\000\040\000F\000I\000L\000E\000\040\000d\000i\000c\000o\000,\000\040\000F\000I\000L\000E\000\040\000o\000u\000t\000p\000u\000t\000\051}{subsection.5.5.2}% 75
\BOOKMARK [3][-]{subsubsection.5.5.2.7}{\376\377\0005\000.\0005\000.\0002\000.\0007\000\040\000i\000n\000i\000t\000\137\000v\000i\000s\000i\000t\000e\000d\000\050\000c\000e\000l\000l\000\040\000r\000u\000z\000z\000l\000e\000[\000N\000]\000[\000N\000]\000\051}{subsection.5.5.2}% 76
\BOOKMARK [3][-]{subsubsection.5.5.2.8}{\376\377\0005\000.\0005\000.\0002\000.\0008\000\040\000p\000r\000i\000n\000t\000\137\000l\000i\000s\000t\000\050\000\051}{subsection.5.5.2}% 77
\BOOKMARK [1][-]{section.5.6}{\376\377\0005\000.\0006\000\040\000R\000\351\000f\000\351\000r\000e\000n\000c\000e\000\040\000d\000u\000\040\000f\000i\000c\000h\000i\000e\000r\000\040\000r\000u\000z\000z\000l\000e\000.\000h}{chapter.5}% 78
\BOOKMARK [2][-]{subsection.5.6.1}{\376\377\0005\000.\0006\000.\0001\000\040\000D\000o\000c\000u\000m\000e\000n\000t\000a\000t\000i\000o\000n\000\040\000d\000e\000s\000\040\000m\000a\000c\000r\000o\000s}{section.5.6}% 79
\BOOKMARK [3][-]{subsubsection.5.6.1.1}{\376\377\0005\000.\0006\000.\0001\000.\0001\000\040\000N}{subsection.5.6.1}% 80
\BOOKMARK [2][-]{subsection.5.6.2}{\376\377\0005\000.\0006\000.\0002\000\040\000D\000o\000c\000u\000m\000e\000n\000t\000a\000t\000i\000o\000n\000\040\000d\000u\000\040\000t\000y\000p\000e\000\040\000d\000e\000\040\000l\000\047\000\351\000n\000u\000m\000\351\000r\000a\000t\000i\000o\000n}{section.5.6}% 81
\BOOKMARK [3][-]{subsubsection.5.6.2.1}{\376\377\0005\000.\0006\000.\0002\000.\0001\000\040\000b\000o\000n\000u\000s\000E\000n\000u\000m}{subsection.5.6.2}% 82
\BOOKMARK [2][-]{subsection.5.6.3}{\376\377\0005\000.\0006\000.\0003\000\040\000D\000o\000c\000u\000m\000e\000n\000t\000a\000t\000i\000o\000n\000\040\000d\000e\000s\000\040\000f\000o\000n\000c\000t\000i\000o\000n\000s}{section.5.6}% 83
\BOOKMARK [3][-]{subsubsection.5.6.3.1}{\376\377\0005\000.\0006\000.\0003\000.\0001\000\040\000a\000j\000o\000u\000t\000e\000r\000\137\000m\000o\000t\000\050\000c\000h\000a\000r\000\040\000,\000\040\000i\000n\000t\000\051}{subsection.5.6.3}% 84
\BOOKMARK [3][-]{subsubsection.5.6.3.2}{\376\377\0005\000.\0006\000.\0003\000.\0002\000\040\000a\000j\000o\000u\000t\000e\000r\000\137\000s\000c\000o\000r\000e\000\050\000c\000e\000l\000l\000[\000N\000]\000[\000N\000]\000,\000\040\000c\000o\000o\000r\000d\000,\000\040\000t\000\137\000s\000c\000o\000r\000e\000\040\000\051}{subsection.5.6.3}% 85
\BOOKMARK [3][-]{subsubsection.5.6.3.3}{\376\377\0005\000.\0006\000.\0003\000.\0003\000\040\000c\000r\000e\000a\000t\000e\000\137\000n\000e\000w\000\137\000d\000i\000c\000o\000\050\000c\000e\000l\000l\000[\000N\000]\000[\000N\000]\000,\000\040\000F\000I\000L\000E\000\040\000\051}{subsection.5.6.3}% 86
\BOOKMARK [3][-]{subsubsection.5.6.3.4}{\376\377\0005\000.\0006\000.\0003\000.\0004\000\040\000f\000i\000n\000d\000\137\000l\000e\000t\000t\000e\000r\000\050\000c\000h\000a\000r\000,\000\040\000c\000o\000o\000r\000d\000\040\000,\000\040\000c\000e\000l\000l\000[\000N\000]\000[\000N\000]\000\051}{subsection.5.6.3}% 87
\BOOKMARK [3][-]{subsubsection.5.6.3.5}{\376\377\0005\000.\0006\000.\0003\000.\0005\000\040\000f\000i\000n\000d\000\137\000w\000o\000r\000d\000\050\000c\000e\000l\000l\000[\000N\000]\000[\000N\000]\000,\000\040\000c\000h\000a\000r\000[\000]\000\051}{subsection.5.6.3}% 88
\BOOKMARK [3][-]{subsubsection.5.6.3.6}{\376\377\0005\000.\0006\000.\0003\000.\0006\000\040\000i\000n\000i\000t\000\050\000c\000h\000a\000r\000[\000]\000,\000\040\000c\000e\000l\000l\000[\000N\000]\000[\000N\000]\000,\000\040\000F\000I\000L\000E\000\040\000,\000\040\000F\000I\000L\000E\000\040\000\051}{subsection.5.6.3}% 89
\BOOKMARK [3][-]{subsubsection.5.6.3.7}{\376\377\0005\000.\0006\000.\0003\000.\0007\000\040\000i\000n\000i\000t\000\137\000v\000i\000s\000i\000t\000e\000d\000\050\000c\000e\000l\000l\000[\000N\000]\000[\000N\000]\000\051}{subsection.5.6.3}% 90
\BOOKMARK [3][-]{subsubsection.5.6.3.8}{\376\377\0005\000.\0006\000.\0003\000.\0008\000\040\000p\000r\000i\000n\000t\000\137\000l\000i\000s\000t\000\050\000\051}{subsection.5.6.3}% 91
\BOOKMARK [0][-]{section*.18}{\376\377\000I\000n\000d\000e\000x}{}% 92
